<?xml version="1.0" encoding="utf-8"?><testsuites name="pytest tests"><testsuite name="pytest" errors="0" failures="0" skipped="0" tests="15" time="3.410" timestamp="2026-04-18T18:59:07.657916+00:00" hostname="agent-env-8e75fca3-7fe4-4791-821c-dc80f98a2914"><testcase classname="backend.tests.test_iteration6_features.TestMediaUpload" name="test_upload_requires_auth" time="0.333" /><testcase classname="backend.tests.test_iteration6_features.TestMediaUpload" name="test_upload_png_success" time="0.541" /><testcase classname="backend.tests.test_iteration6_features.TestMediaUpload" name="test_upload_jpeg_success" time="0.161" /><testcase classname="backend.tests.test_iteration6_features.TestMediaUpload" name="test_upload_rejects_non_image" time="0.103" /><testcase classname="backend.tests.test_iteration6_features.TestMediaUpload" name="test_upload_rejects_large_file" time="0.365" /><testcase classname="backend.tests.test_iteration6_features.TestMediaServing" name="test_get_uploaded_media" time="0.281" /><testcase classname="backend.tests.test_iteration6_features.TestMediaServing" name="test_get_unknown_media_returns_404" time="0.112" /><testcase classname="backend.tests.test_iteration6_features.TestExistingEndpoints" name="test_auth_login" time="0.329" /><testcase classname="backend.tests.test_iteration6_features.TestExistingEndpoints" name="test_auth_me" time="0.152" /><testcase classname="backend.tests.test_iteration6_features.TestExistingEndpoints" name="test_admin_stats" time="0.113" /><testcase classname="backend.tests.test_iteration6_features.TestExistingEndpoints" name="test_admin_applications" time="0.110" /><testcase classname="backend.tests.test_iteration6_features.TestExistingEndpoints" name="test_blog_list" time="0.118" /><testcase classname="backend.tests.test_iteration6_features.TestExistingEndpoints" name="test_research_list" time="0.119" /><testcase classname="backend.tests.test_iteration6_features.TestExistingEndpoints" name="test_public_stats" time="0.110" /><testcase classname="backend.tests.test_iteration6_features.TestExistingEndpoints" name="test_create_application" time="0.133" /></testsuite></testsuites>