<?xml version="1.0" encoding="utf-8"?><testsuites name="pytest tests"><testsuite name="pytest" errors="0" failures="0" skipped="0" tests="18" time="2.313" timestamp="2026-04-18T13:00:16.562491+00:00" hostname="agent-env-8e75fca3-7fe4-4791-821c-dc80f98a2914"><testcase classname="backend.tests.test_blog_research_api.TestPublicBlogEndpoints" name="test_get_blog_list" time="0.293" /><testcase classname="backend.tests.test_blog_research_api.TestPublicBlogEndpoints" name="test_get_blog_by_slug_valid" time="0.099" /><testcase classname="backend.tests.test_blog_research_api.TestPublicBlogEndpoints" name="test_get_blog_by_slug_invalid" time="0.047" /><testcase classname="backend.tests.test_blog_research_api.TestPublicResearchEndpoints" name="test_get_research_list" time="0.052" /><testcase classname="backend.tests.test_blog_research_api.TestPublicResearchEndpoints" name="test_get_research_by_slug_valid" time="0.097" /><testcase classname="backend.tests.test_blog_research_api.TestPublicResearchEndpoints" name="test_get_research_by_slug_invalid" time="0.050" /><testcase classname="backend.tests.test_blog_research_api.TestAdminBlogCRUD" name="test_admin_blog_requires_auth" time="0.094" /><testcase classname="backend.tests.test_blog_research_api.TestAdminBlogCRUD" name="test_admin_blog_list_includes_drafts" time="0.328" /><testcase classname="backend.tests.test_blog_research_api.TestAdminBlogCRUD" name="test_admin_blog_crud_flow" time="0.241" /><testcase classname="backend.tests.test_blog_research_api.TestAdminResearchCRUD" name="test_admin_research_requires_auth" time="0.088" /><testcase classname="backend.tests.test_blog_research_api.TestAdminResearchCRUD" name="test_admin_research_list" time="0.048" /><testcase classname="backend.tests.test_blog_research_api.TestAdminResearchCRUD" name="test_admin_research_crud_flow" time="0.247" /><testcase classname="backend.tests.test_blog_research_api.TestAdminStats" name="test_admin_stats_includes_blog_research_counts" time="0.048" /><testcase classname="backend.tests.test_blog_research_api.TestExistingEndpoints" name="test_auth_login" time="0.271" /><testcase classname="backend.tests.test_blog_research_api.TestExistingEndpoints" name="test_auth_me" time="0.048" /><testcase classname="backend.tests.test_blog_research_api.TestExistingEndpoints" name="test_public_stats" time="0.046" /><testcase classname="backend.tests.test_blog_research_api.TestExistingEndpoints" name="test_applications_create" time="0.046" /><testcase classname="backend.tests.test_blog_research_api.TestExistingEndpoints" name="test_admin_applications_list" time="0.049" /></testsuite></testsuites>