<?xml version="1.0" encoding="utf-8"?><testsuites name="pytest tests"><testsuite name="pytest" errors="0" failures="0" skipped="0" tests="18" time="4.809" timestamp="2026-04-18T10:27:25.605531+00:00" hostname="agent-env-8e75fca3-7fe4-4791-821c-dc80f98a2914"><testcase classname="backend.tests.test_icen_api.TestHealthAndStats" name="test_api_root" time="0.161" /><testcase classname="backend.tests.test_icen_api.TestHealthAndStats" name="test_public_stats" time="0.149" /><testcase classname="backend.tests.test_icen_api.TestApplications" name="test_create_application_success" time="0.150" /><testcase classname="backend.tests.test_icen_api.TestApplications" name="test_create_application_invalid_email" time="0.140" /><testcase classname="backend.tests.test_icen_api.TestApplications" name="test_create_application_short_motivation" time="0.101" /><testcase classname="backend.tests.test_icen_api.TestAuth" name="test_login_success" time="0.361" /><testcase classname="backend.tests.test_icen_api.TestAuth" name="test_login_wrong_password" time="0.357" /><testcase classname="backend.tests.test_icen_api.TestAuth" name="test_login_wrong_email" time="0.110" /><testcase classname="backend.tests.test_icen_api.TestAuth" name="test_me_with_token" time="0.478" /><testcase classname="backend.tests.test_icen_api.TestAuth" name="test_me_without_token" time="0.101" /><testcase classname="backend.tests.test_icen_api.TestAdminEndpoints" name="test_admin_applications_list" time="0.446" /><testcase classname="backend.tests.test_icen_api.TestAdminEndpoints" name="test_admin_applications_without_auth" time="0.131" /><testcase classname="backend.tests.test_icen_api.TestAdminEndpoints" name="test_admin_stats" time="0.431" /><testcase classname="backend.tests.test_icen_api.TestAdminEndpoints" name="test_admin_stats_without_auth" time="0.101" /><testcase classname="backend.tests.test_icen_api.TestAdminEndpoints" name="test_update_application_status" time="0.640" /><testcase classname="backend.tests.test_icen_api.TestAdminEndpoints" name="test_update_status_unknown_id" time="0.434" /><testcase classname="backend.tests.test_icen_api.TestAdminEndpoints" name="test_update_status_without_auth" time="0.100" /><testcase classname="backend.tests.test_icen_api.TestAdminSeeding" name="test_admin_exists_and_can_login" time="0.328" /></testsuite></testsuites>