<?xml version="1.0" encoding="utf-8"?><testsuites name="pytest tests"><testsuite name="pytest" errors="0" failures="0" skipped="0" tests="19" time="4.267" timestamp="2026-04-18T13:23:12.590831+00:00" hostname="agent-env-8e75fca3-7fe4-4791-821c-dc80f98a2914"><testcase classname="backend.tests.test_iteration3_features.TestPhoneFieldInApplications" name="test_create_application_with_phone" time="0.265" /><testcase classname="backend.tests.test_iteration3_features.TestPhoneFieldInApplications" name="test_create_application_without_phone" time="0.157" /><testcase classname="backend.tests.test_iteration3_features.TestPhoneFieldInApplications" name="test_create_application_with_empty_phone" time="0.149" /><testcase classname="backend.tests.test_iteration3_features.TestPhoneFieldInApplications" name="test_phone_max_length_validation" time="0.134" /><testcase classname="backend.tests.test_iteration3_features.TestPhoneInAdminApplications" name="test_admin_applications_list_includes_phone" time="0.674" /><testcase classname="backend.tests.test_iteration3_features.TestExistingEndpointsStillWork" name="test_auth_login" time="0.336" /><testcase classname="backend.tests.test_iteration3_features.TestExistingEndpointsStillWork" name="test_auth_me" time="0.112" /><testcase classname="backend.tests.test_iteration3_features.TestExistingEndpointsStillWork" name="test_admin_stats" time="0.173" /><testcase classname="backend.tests.test_iteration3_features.TestExistingEndpointsStillWork" name="test_patch_application_status" time="0.253" /><testcase classname="backend.tests.test_iteration3_features.TestBlogEndpoints" name="test_get_blog_list" time="0.159" /><testcase classname="backend.tests.test_iteration3_features.TestBlogEndpoints" name="test_get_blog_by_slug" time="0.202" /><testcase classname="backend.tests.test_iteration3_features.TestBlogEndpoints" name="test_get_blog_invalid_slug" time="0.119" /><testcase classname="backend.tests.test_iteration3_features.TestBlogEndpoints" name="test_admin_blog_crud" time="0.357" /><testcase classname="backend.tests.test_iteration3_features.TestResearchEndpoints" name="test_get_research_list" time="0.111" /><testcase classname="backend.tests.test_iteration3_features.TestResearchEndpoints" name="test_get_research_by_slug" time="0.255" /><testcase classname="backend.tests.test_iteration3_features.TestResearchEndpoints" name="test_get_research_invalid_slug" time="0.102" /><testcase classname="backend.tests.test_iteration3_features.TestResearchEndpoints" name="test_admin_research_crud" time="0.350" /><testcase classname="backend.tests.test_iteration3_features.TestBlogTagsAndResearchPillars" name="test_blog_posts_have_tags" time="0.123" /><testcase classname="backend.tests.test_iteration3_features.TestBlogTagsAndResearchPillars" name="test_research_papers_have_pillars" time="0.131" /></testsuite></testsuites>